# JRE version: Java(TM) SE Runtime Environment (9.0+11) (build 9.0.1+11)
# Java VM: Java HotSpot(TM) 64-Bit Server VM (9.0.1+11, mixed mode, tiered, compressed oops, g1 gc, windows-amd64)
Heap:
 garbage-first heap   total 199680K, used 130896K [0x0000000081e00000, 0x0000000081f00618, 0x0000000100000000)
  region size 1024K, 102 young (104448K), 4 survivors (4096K)
 Metaspace       used 64045K, capacity 66306K, committed 66560K, reserved 1107968K
  class space    used 7941K, capacity 8359K, committed 8448K, reserved 1048576K
GC Heap History (10 events):
Event: 10.255 GC heap before
{Heap before GC invocations=13 (full 0):
 garbage-first heap   total 199680K, used 133499K [0x0000000081e00000, 0x0000000081f00618, 0x0000000100000000)
  region size 1024K, 117 young (119808K), 10 survivors (10240K)
 Metaspace       used 45046K, capacity 46590K, committed 46720K, reserved 1089536K
  class space    used 5401K, capacity 5685K, committed 5760K, reserved 1048576K
}
Event: 10.268 GC heap after
{Heap after GC invocations=14 (full 0):
 garbage-first heap   total 199680K, used 23811K [0x0000000081e00000, 0x0000000081f00618, 0x0000000100000000)
  region size 1024K, 8 young (8192K), 8 survivors (8192K)
 Metaspace       used 45046K, capacity 46590K, committed 46720K, reserved 1089536K
  class space    used 5401K, capacity 5685K, committed 5760K, reserved 1048576K
}
Event: 11.453 GC heap before
{Heap before GC invocations=14 (full 0):
 garbage-first heap   total 199680K, used 135427K [0x0000000081e00000, 0x0000000081f00618, 0x0000000100000000)
  region size 1024K, 117 young (119808K), 8 survivors (8192K)
 Metaspace       used 46455K, capacity 48062K, committed 48128K, reserved 1091584K
  class space    used 5602K, capacity 5887K, committed 5888K, reserved 1048576K
}
Event: 11.468 GC heap after
{Heap after GC invocations=15 (full 0):
 garbage-first heap   total 199680K, used 26010K [0x0000000081e00000, 0x0000000081f00618, 0x0000000100000000)
  region size 1024K, 10 young (10240K), 10 survivors (10240K)
 Metaspace       used 46455K, capacity 48062K, committed 48128K, reserved 1091584K
  class space    used 5602K, capacity 5887K, committed 5888K, reserved 1048576K
}
Event: 13.275 GC heap before
{Heap before GC invocations=15 (full 0):
 garbage-first heap   total 199680K, used 135578K [0x0000000081e00000, 0x0000000081f00618, 0x0000000100000000)
  region size 1024K, 117 young (119808K), 10 survivors (10240K)
 Metaspace       used 52514K, capacity 54344K, committed 54656K, reserved 1097728K
  class space    used 6338K, capacity 6686K, committed 6784K, reserved 1048576K
}
Event: 13.298 GC heap after
{Heap after GC invocations=16 (full 0):
 garbage-first heap   total 199680K, used 31106K [0x0000000081e00000, 0x0000000081f00618, 0x0000000100000000)
  region size 1024K, 10 young (10240K), 10 survivors (10240K)
 Metaspace       used 52514K, capacity 54344K, committed 54656K, reserved 1097728K
  class space    used 6338K, capacity 6686K, committed 6784K, reserved 1048576K
}
Event: 14.593 GC heap before
{Heap before GC invocations=16 (full 0):
 garbage-first heap   total 199680K, used 140674K [0x0000000081e00000, 0x0000000081f00618, 0x0000000100000000)
  region size 1024K, 117 young (119808K), 10 survivors (10240K)
 Metaspace       used 56626K, capacity 58502K, committed 58752K, reserved 1101824K
  class space    used 6855K, capacity 7219K, committed 7296K, reserved 1048576K
}
Event: 14.609 GC heap after
{Heap after GC invocations=17 (full 0):
 garbage-first heap   total 199680K, used 32977K [0x0000000081e00000, 0x0000000081f00618, 0x0000000100000000)
  region size 1024K, 9 young (9216K), 9 survivors (9216K)
 Metaspace       used 56626K, capacity 58502K, committed 58752K, reserved 1101824K
  class space    used 6855K, capacity 7219K, committed 7296K, reserved 1048576K
}
Event: 14.951 GC heap before
{Heap before GC invocations=17 (full 0):
 garbage-first heap   total 199680K, used 61649K [0x0000000081e00000, 0x0000000081f00618, 0x0000000100000000)
  region size 1024K, 38 young (38912K), 9 survivors (9216K)
 Metaspace       used 58278K, capacity 60198K, committed 60288K, reserved 1101824K
  class space    used 7112K, capacity 7507K, committed 7552K, reserved 1048576K
}
Event: 14.965 GC heap after
{Heap after GC invocations=18 (full 0):
 garbage-first heap   total 199680K, used 31568K [0x0000000081e00000, 0x0000000081f00618, 0x0000000100000000)
  region size 1024K, 4 young (4096K), 4 survivors (4096K)
 Metaspace       used 58278K, capacity 60198K, committed 60288K, reserved 1101824K
  class space    used 7112K, capacity 7507K, committed 7552K, reserved 1048576K
}

